Building DAG of jobs...
Using shell: /bin/bash
Provided cores: 24
Rules claiming more threads will be scaled down.
Job stats:
job                 count
----------------  -------
tex2pdf_with_bib        1
total                   1

Resources before job selection: {'_cores': 24, '_nodes': 9223372036854775807}
Ready jobs (1)
Select jobs to execute...
Using greedy selector because only single job has to be scheduled.
Selected jobs (1)
Resources after job selection: {'_cores': 23, '_nodes': 9223372036854775806}

[Sun Oct 27 06:30:44 2024]
rule tex2pdf_with_bib:
    input: outputs/sofia/hcg16/hcg16_sofia_updated_vopt_central.par, outputs/sofia/hcg16/hcg16_line60_masked.image_vopt_cat.txt, outputs/sofia/hcg16/hcg16_line60_masked.image_vopt_noise.fits, outputs/sofia/hcg16/hcg16_line60_masked.image_vopt_cubelets/hcg16_line60_masked.image_vopt_1_mom0.fits, outputs/sofia_pbc/hcg16/hcg16_sofia_updated_vopt_central.par, outputs/sofia_pbc/hcg16/hcg16_line60_masked.pb_corr_vopt_cat.txt, outputs/sofia_pbc/hcg16/hcg16_line60_masked.pb_corr_vopt_mask.fits, outputs/sofia_pbc/hcg16/hcg16_line60_masked.pb_corr_vopt_mom1.fits, outputs/sofia_pbc/hcg16/hcg16_line60_masked.pb_corr_vopt_mom0.fits, outputs/sofia_pbc/hcg16/hcg16_line60_masked.pb_corr_vopt_noise.fits, outputs/data/hcg16/hcg16_line60_masked.image_vopt.fits, outputs/data/hcg16/hcg16_line60_masked.pb_corr_vopt.fits, outputs/sofia_pbc/hcg16/hcg16_line60_masked.pb_corr_vopt_cubelets/hcg16_line60_masked.pb_corr_vopt_1_mom0.fits, outputs/sofia/hcg30/hcg30_sofia_updated_vopt_central.par, outputs/sofia/hcg30/hcg30_line60_masked.image_vopt_cat.txt, outputs/sofia/hcg30/hcg30_line60_masked.image_vopt_noise.fits, outputs/sofia/hcg30/hcg30_line60_masked.image_vopt_cubelets/hcg30_line60_masked.image_vopt_1_mom0.fits, outputs/sofia_pbc/hcg30/hcg30_sofia_updated_vopt_central.par, outputs/sofia_pbc/hcg30/hcg30_line60_masked.pb_corr_vopt_cat.txt, outputs/sofia_pbc/hcg30/hcg30_line60_masked.pb_corr_vopt_mask.fits, outputs/sofia_pbc/hcg30/hcg30_line60_masked.pb_corr_vopt_mom1.fits, outputs/sofia_pbc/hcg30/hcg30_line60_masked.pb_corr_vopt_mom0.fits, outputs/sofia_pbc/hcg30/hcg30_line60_masked.pb_corr_vopt_noise.fits, outputs/data/hcg30/hcg30_line60_masked.image_vopt.fits, outputs/data/hcg30/hcg30_line60_masked.pb_corr_vopt.fits, outputs/sofia_pbc/hcg30/hcg30_line60_masked.pb_corr_vopt_cubelets/hcg30_line60_masked.pb_corr_vopt_1_mom0.fits, outputs/sofia/hcg31/hcg31_sofia_updated_vopt_central.par, outputs/sofia/hcg31/hcg31_line60_masked.image_vopt_cat.txt, outputs/sofia/hcg31/hcg31_line60_masked.image_vopt_noise.fits, outputs/sofia/hcg31/hcg31_line60_masked.image_vopt_cubelets/hcg31_line60_masked.image_vopt_1_mom0.fits, outputs/sofia_pbc/hcg31/hcg31_sofia_updated_vopt_central.par, outputs/sofia_pbc/hcg31/hcg31_line60_masked.pb_corr_vopt_cat.txt, outputs/sofia_pbc/hcg31/hcg31_line60_masked.pb_corr_vopt_mask.fits, outputs/sofia_pbc/hcg31/hcg31_line60_masked.pb_corr_vopt_mom1.fits, outputs/sofia_pbc/hcg31/hcg31_line60_masked.pb_corr_vopt_mom0.fits, outputs/sofia_pbc/hcg31/hcg31_line60_masked.pb_corr_vopt_noise.fits, outputs/data/hcg31/hcg31_line60_masked.image_vopt.fits, outputs/data/hcg31/hcg31_line60_masked.pb_corr_vopt.fits, outputs/sofia_pbc/hcg31/hcg31_line60_masked.pb_corr_vopt_cubelets/hcg31_line60_masked.pb_corr_vopt_1_mom0.fits, outputs/sofia/hcg90/hcg90_sofia_updated_vopt_central.par, outputs/sofia/hcg90/hcg90_line60_masked.image_vopt_cat.txt, outputs/sofia/hcg90/hcg90_line60_masked.image_vopt_noise.fits, outputs/sofia/hcg90/hcg90_line60_masked.image_vopt_cubelets/hcg90_line60_masked.image_vopt_1_mom0.fits, outputs/sofia_pbc/hcg90/hcg90_sofia_updated_vopt_central.par, outputs/sofia_pbc/hcg90/hcg90_line60_masked.pb_corr_vopt_cat.txt, outputs/sofia_pbc/hcg90/hcg90_line60_masked.pb_corr_vopt_mask.fits, outputs/sofia_pbc/hcg90/hcg90_line60_masked.pb_corr_vopt_mom1.fits, outputs/sofia_pbc/hcg90/hcg90_line60_masked.pb_corr_vopt_mom0.fits, outputs/sofia_pbc/hcg90/hcg90_line60_masked.pb_corr_vopt_noise.fits, outputs/data/hcg90/hcg90_line60_masked.image_vopt.fits, outputs/data/hcg90/hcg90_line60_masked.pb_corr_vopt.fits, outputs/sofia_pbc/hcg90/hcg90_line60_masked.pb_corr_vopt_cubelets/hcg90_line60_masked.pb_corr_vopt_1_mom0.fits, outputs/sofia/hcg91/hcg91_sofia_updated_vopt_central.par, outputs/sofia/hcg91/hcg91_line60_masked.image_vopt_cat.txt, outputs/sofia/hcg91/hcg91_line60_masked.image_vopt_noise.fits, outputs/sofia/hcg91/hcg91_line60_masked.image_vopt_cubelets/hcg91_line60_masked.image_vopt_1_mom0.fits, outputs/sofia_pbc/hcg91/hcg91_sofia_updated_vopt_central.par, outputs/sofia_pbc/hcg91/hcg91_line60_masked.pb_corr_vopt_cat.txt, outputs/sofia_pbc/hcg91/hcg91_line60_masked.pb_corr_vopt_mask.fits, outputs/sofia_pbc/hcg91/hcg91_line60_masked.pb_corr_vopt_mom1.fits, outputs/sofia_pbc/hcg91/hcg91_line60_masked.pb_corr_vopt_mom0.fits, outputs/sofia_pbc/hcg91/hcg91_line60_masked.pb_corr_vopt_noise.fits, outputs/data/hcg91/hcg91_line60_masked.image_vopt.fits, outputs/data/hcg91/hcg91_line60_masked.pb_corr_vopt.fits, outputs/sofia_pbc/hcg91/hcg91_line60_masked.pb_corr_vopt_cubelets/hcg91_line60_masked.pb_corr_vopt_1_mom0.fits, outputs/sofia/hcg97/hcg97_sofia_updated_vopt_central.par, outputs/sofia/hcg97/hcg97_line60_masked.image_vopt_cat.txt, outputs/sofia/hcg97/hcg97_line60_masked.image_vopt_noise.fits, outputs/sofia/hcg97/hcg97_line60_masked.image_vopt_cubelets/hcg97_line60_masked.image_vopt_1_mom0.fits, outputs/sofia_pbc/hcg97/hcg97_sofia_updated_vopt_central.par, outputs/sofia_pbc/hcg97/hcg97_line60_masked.pb_corr_vopt_cat.txt, outputs/sofia_pbc/hcg97/hcg97_line60_masked.pb_corr_vopt_mask.fits, outputs/sofia_pbc/hcg97/hcg97_line60_masked.pb_corr_vopt_mom1.fits, outputs/sofia_pbc/hcg97/hcg97_line60_masked.pb_corr_vopt_mom0.fits, outputs/sofia_pbc/hcg97/hcg97_line60_masked.pb_corr_vopt_noise.fits, outputs/data/hcg97/hcg97_line60_masked.image_vopt.fits, outputs/data/hcg97/hcg97_line60_masked.pb_corr_vopt.fits, outputs/sofia_pbc/hcg97/hcg97_line60_masked.pb_corr_vopt_cubelets/hcg97_line60_masked.pb_corr_vopt_1_mom0.fits, outputs/publication/figures/ngc1622_column_density.pdf, outputs/publication/figures/ngc1622_snr.pdf, outputs/publication/figures/ngc1622_mom1.pdf, outputs/publication/figures/ngc1622_chan.pdf, outputs/publication/figures/ngc1622_mom2.pdf, outputs/publication/figures/ngc1622_spec.pdf, outputs/data/hcg16/hcg16_line60_masked.pb_corr_vopt_times_beam_factor_integrated_spec.txt, outputs/publication/figures/hcg16_meerkat_gbt_spec.pdf, outputs/data/hcg30/hcg30_line60_masked.pb_corr_vopt_times_beam_factor_integrated_spec.txt, outputs/publication/figures/hcg30_meerkat_gbt_spec.pdf, outputs/data/hcg31/hcg31_line60_masked.pb_corr_vopt_times_beam_factor_integrated_spec.txt, outputs/publication/figures/hcg31_meerkat_gbt_spec.pdf, outputs/data/hcg90/hcg90_line60_masked.pb_corr_vopt_times_beam_factor_integrated_spec.txt, outputs/publication/figures/hcg90_meerkat_gbt_spec.pdf, outputs/data/hcg91/hcg91_line60_masked.pb_corr_vopt_times_beam_factor_integrated_spec.txt, outputs/publication/figures/hcg91_meerkat_gbt_spec.pdf, outputs/data/hcg97/hcg97_line60_masked.pb_corr_vopt_times_beam_factor_integrated_spec.txt, outputs/publication/figures/hcg97_meerkat_gbt_spec.pdf, outputs/publication/figures/hcgs_meerkat_gbt_flux.pdf, outputs/publication/figures/hcgs_meerkat_gbt_flux.pdf, outputs/publication/figures/hcgs_meerkat_gbt_flux.pdf, outputs/publication/figures/hcgs_meerkat_gbt_flux.pdf, outputs/publication/figures/hcgs_meerkat_gbt_flux.pdf, outputs/publication/figures/hcgs_meerkat_gbt_flux.pdf, outputs/publication/figures/hcg16_velocity_ra.pdf, outputs/publication/figures/hcg30_velocity_ra.pdf, outputs/publication/figures/hcg31_velocity_ra.pdf, outputs/publication/figures/hcg90_velocity_ra.pdf, outputs/publication/figures/hcg91_velocity_ra.pdf, outputs/publication/figures/hcg97_velocity_ra.pdf, outputs/publication/figures/hcg16_noise_specaxis.pdf, outputs/publication/figures/hcg30_noise_specaxis.pdf, outputs/publication/figures/hcg31_noise_specaxis.pdf, outputs/publication/figures/hcg90_noise_specaxis.pdf, outputs/publication/figures/hcg91_noise_specaxis.pdf, outputs/publication/figures/hcg97_noise_specaxis.pdf, outputs/publication/figures/hcg16_global_profile.pdf, outputs/publication/figures/hcg30_global_profile.pdf, outputs/publication/figures/hcg31_global_profile.pdf, outputs/publication/figures/hcg90_global_profile.pdf, outputs/publication/figures/hcg91_global_profile.pdf, outputs/publication/figures/hcg97_global_profile.pdf, workflow/hcg_paper.tex
    output: outputs/publication/hcg_paper.pdf
    jobid: 0
    reason: Missing output files: outputs/publication/hcg_paper.pdf
    resources: mem_mb=55649, mem_mib=53072, disk_mb=55649, disk_mib=53072, tmpdir=/data

Full Traceback (most recent call last):
  File "/opt/conda_envs/snakemake/lib/python3.10/site-packages/snakemake/executors/__init__.py", line 2656, in run_wrapper
    run(
  File "/data/workflow/Snakefile", line 144, in __rule_tex2pdf_with_bib
  File "/opt/conda_envs/snakemake/lib/python3.10/site-packages/snakemake/shell.py", line 294, in __new__
    raise sp.CalledProcessError(retcode, cmd)
subprocess.CalledProcessError: Command 'set -euo pipefail;  

        tectonic -o outputs/publication workflow/hcg_paper.tex
        for file in *delete*; do
            if [ -f "$file" ]; then
                rm -f "$file"
            fi
        done' returned non-zero exit status 1.

[Sun Oct 27 06:30:47 2024]
Error in rule tex2pdf_with_bib:
    jobid: 0
    input: outputs/sofia/hcg16/hcg16_sofia_updated_vopt_central.par, outputs/sofia/hcg16/hcg16_line60_masked.image_vopt_cat.txt, outputs/sofia/hcg16/hcg16_line60_masked.image_vopt_noise.fits, outputs/sofia/hcg16/hcg16_line60_masked.image_vopt_cubelets/hcg16_line60_masked.image_vopt_1_mom0.fits, outputs/sofia_pbc/hcg16/hcg16_sofia_updated_vopt_central.par, outputs/sofia_pbc/hcg16/hcg16_line60_masked.pb_corr_vopt_cat.txt, outputs/sofia_pbc/hcg16/hcg16_line60_masked.pb_corr_vopt_mask.fits, outputs/sofia_pbc/hcg16/hcg16_line60_masked.pb_corr_vopt_mom1.fits, outputs/sofia_pbc/hcg16/hcg16_line60_masked.pb_corr_vopt_mom0.fits, outputs/sofia_pbc/hcg16/hcg16_line60_masked.pb_corr_vopt_noise.fits, outputs/data/hcg16/hcg16_line60_masked.image_vopt.fits, outputs/data/hcg16/hcg16_line60_masked.pb_corr_vopt.fits, outputs/sofia_pbc/hcg16/hcg16_line60_masked.pb_corr_vopt_cubelets/hcg16_line60_masked.pb_corr_vopt_1_mom0.fits, outputs/sofia/hcg30/hcg30_sofia_updated_vopt_central.par, outputs/sofia/hcg30/hcg30_line60_masked.image_vopt_cat.txt, outputs/sofia/hcg30/hcg30_line60_masked.image_vopt_noise.fits, outputs/sofia/hcg30/hcg30_line60_masked.image_vopt_cubelets/hcg30_line60_masked.image_vopt_1_mom0.fits, outputs/sofia_pbc/hcg30/hcg30_sofia_updated_vopt_central.par, outputs/sofia_pbc/hcg30/hcg30_line60_masked.pb_corr_vopt_cat.txt, outputs/sofia_pbc/hcg30/hcg30_line60_masked.pb_corr_vopt_mask.fits, outputs/sofia_pbc/hcg30/hcg30_line60_masked.pb_corr_vopt_mom1.fits, outputs/sofia_pbc/hcg30/hcg30_line60_masked.pb_corr_vopt_mom0.fits, outputs/sofia_pbc/hcg30/hcg30_line60_masked.pb_corr_vopt_noise.fits, outputs/data/hcg30/hcg30_line60_masked.image_vopt.fits, outputs/data/hcg30/hcg30_line60_masked.pb_corr_vopt.fits, outputs/sofia_pbc/hcg30/hcg30_line60_masked.pb_corr_vopt_cubelets/hcg30_line60_masked.pb_corr_vopt_1_mom0.fits, outputs/sofia/hcg31/hcg31_sofia_updated_vopt_central.par, outputs/sofia/hcg31/hcg31_line60_masked.image_vopt_cat.txt, outputs/sofia/hcg31/hcg31_line60_masked.image_vopt_noise.fits, outputs/sofia/hcg31/hcg31_line60_masked.image_vopt_cubelets/hcg31_line60_masked.image_vopt_1_mom0.fits, outputs/sofia_pbc/hcg31/hcg31_sofia_updated_vopt_central.par, outputs/sofia_pbc/hcg31/hcg31_line60_masked.pb_corr_vopt_cat.txt, outputs/sofia_pbc/hcg31/hcg31_line60_masked.pb_corr_vopt_mask.fits, outputs/sofia_pbc/hcg31/hcg31_line60_masked.pb_corr_vopt_mom1.fits, outputs/sofia_pbc/hcg31/hcg31_line60_masked.pb_corr_vopt_mom0.fits, outputs/sofia_pbc/hcg31/hcg31_line60_masked.pb_corr_vopt_noise.fits, outputs/data/hcg31/hcg31_line60_masked.image_vopt.fits, outputs/data/hcg31/hcg31_line60_masked.pb_corr_vopt.fits, outputs/sofia_pbc/hcg31/hcg31_line60_masked.pb_corr_vopt_cubelets/hcg31_line60_masked.pb_corr_vopt_1_mom0.fits, outputs/sofia/hcg90/hcg90_sofia_updated_vopt_central.par, outputs/sofia/hcg90/hcg90_line60_masked.image_vopt_cat.txt, outputs/sofia/hcg90/hcg90_line60_masked.image_vopt_noise.fits, outputs/sofia/hcg90/hcg90_line60_masked.image_vopt_cubelets/hcg90_line60_masked.image_vopt_1_mom0.fits, outputs/sofia_pbc/hcg90/hcg90_sofia_updated_vopt_central.par, outputs/sofia_pbc/hcg90/hcg90_line60_masked.pb_corr_vopt_cat.txt, outputs/sofia_pbc/hcg90/hcg90_line60_masked.pb_corr_vopt_mask.fits, outputs/sofia_pbc/hcg90/hcg90_line60_masked.pb_corr_vopt_mom1.fits, outputs/sofia_pbc/hcg90/hcg90_line60_masked.pb_corr_vopt_mom0.fits, outputs/sofia_pbc/hcg90/hcg90_line60_masked.pb_corr_vopt_noise.fits, outputs/data/hcg90/hcg90_line60_masked.image_vopt.fits, outputs/data/hcg90/hcg90_line60_masked.pb_corr_vopt.fits, outputs/sofia_pbc/hcg90/hcg90_line60_masked.pb_corr_vopt_cubelets/hcg90_line60_masked.pb_corr_vopt_1_mom0.fits, outputs/sofia/hcg91/hcg91_sofia_updated_vopt_central.par, outputs/sofia/hcg91/hcg91_line60_masked.image_vopt_cat.txt, outputs/sofia/hcg91/hcg91_line60_masked.image_vopt_noise.fits, outputs/sofia/hcg91/hcg91_line60_masked.image_vopt_cubelets/hcg91_line60_masked.image_vopt_1_mom0.fits, outputs/sofia_pbc/hcg91/hcg91_sofia_updated_vopt_central.par, outputs/sofia_pbc/hcg91/hcg91_line60_masked.pb_corr_vopt_cat.txt, outputs/sofia_pbc/hcg91/hcg91_line60_masked.pb_corr_vopt_mask.fits, outputs/sofia_pbc/hcg91/hcg91_line60_masked.pb_corr_vopt_mom1.fits, outputs/sofia_pbc/hcg91/hcg91_line60_masked.pb_corr_vopt_mom0.fits, outputs/sofia_pbc/hcg91/hcg91_line60_masked.pb_corr_vopt_noise.fits, outputs/data/hcg91/hcg91_line60_masked.image_vopt.fits, outputs/data/hcg91/hcg91_line60_masked.pb_corr_vopt.fits, outputs/sofia_pbc/hcg91/hcg91_line60_masked.pb_corr_vopt_cubelets/hcg91_line60_masked.pb_corr_vopt_1_mom0.fits, outputs/sofia/hcg97/hcg97_sofia_updated_vopt_central.par, outputs/sofia/hcg97/hcg97_line60_masked.image_vopt_cat.txt, outputs/sofia/hcg97/hcg97_line60_masked.image_vopt_noise.fits, outputs/sofia/hcg97/hcg97_line60_masked.image_vopt_cubelets/hcg97_line60_masked.image_vopt_1_mom0.fits, outputs/sofia_pbc/hcg97/hcg97_sofia_updated_vopt_central.par, outputs/sofia_pbc/hcg97/hcg97_line60_masked.pb_corr_vopt_cat.txt, outputs/sofia_pbc/hcg97/hcg97_line60_masked.pb_corr_vopt_mask.fits, outputs/sofia_pbc/hcg97/hcg97_line60_masked.pb_corr_vopt_mom1.fits, outputs/sofia_pbc/hcg97/hcg97_line60_masked.pb_corr_vopt_mom0.fits, outputs/sofia_pbc/hcg97/hcg97_line60_masked.pb_corr_vopt_noise.fits, outputs/data/hcg97/hcg97_line60_masked.image_vopt.fits, outputs/data/hcg97/hcg97_line60_masked.pb_corr_vopt.fits, outputs/sofia_pbc/hcg97/hcg97_line60_masked.pb_corr_vopt_cubelets/hcg97_line60_masked.pb_corr_vopt_1_mom0.fits, outputs/publication/figures/ngc1622_column_density.pdf, outputs/publication/figures/ngc1622_snr.pdf, outputs/publication/figures/ngc1622_mom1.pdf, outputs/publication/figures/ngc1622_chan.pdf, outputs/publication/figures/ngc1622_mom2.pdf, outputs/publication/figures/ngc1622_spec.pdf, outputs/data/hcg16/hcg16_line60_masked.pb_corr_vopt_times_beam_factor_integrated_spec.txt, outputs/publication/figures/hcg16_meerkat_gbt_spec.pdf, outputs/data/hcg30/hcg30_line60_masked.pb_corr_vopt_times_beam_factor_integrated_spec.txt, outputs/publication/figures/hcg30_meerkat_gbt_spec.pdf, outputs/data/hcg31/hcg31_line60_masked.pb_corr_vopt_times_beam_factor_integrated_spec.txt, outputs/publication/figures/hcg31_meerkat_gbt_spec.pdf, outputs/data/hcg90/hcg90_line60_masked.pb_corr_vopt_times_beam_factor_integrated_spec.txt, outputs/publication/figures/hcg90_meerkat_gbt_spec.pdf, outputs/data/hcg91/hcg91_line60_masked.pb_corr_vopt_times_beam_factor_integrated_spec.txt, outputs/publication/figures/hcg91_meerkat_gbt_spec.pdf, outputs/data/hcg97/hcg97_line60_masked.pb_corr_vopt_times_beam_factor_integrated_spec.txt, outputs/publication/figures/hcg97_meerkat_gbt_spec.pdf, outputs/publication/figures/hcgs_meerkat_gbt_flux.pdf, outputs/publication/figures/hcgs_meerkat_gbt_flux.pdf, outputs/publication/figures/hcgs_meerkat_gbt_flux.pdf, outputs/publication/figures/hcgs_meerkat_gbt_flux.pdf, outputs/publication/figures/hcgs_meerkat_gbt_flux.pdf, outputs/publication/figures/hcgs_meerkat_gbt_flux.pdf, outputs/publication/figures/hcg16_velocity_ra.pdf, outputs/publication/figures/hcg30_velocity_ra.pdf, outputs/publication/figures/hcg31_velocity_ra.pdf, outputs/publication/figures/hcg90_velocity_ra.pdf, outputs/publication/figures/hcg91_velocity_ra.pdf, outputs/publication/figures/hcg97_velocity_ra.pdf, outputs/publication/figures/hcg16_noise_specaxis.pdf, outputs/publication/figures/hcg30_noise_specaxis.pdf, outputs/publication/figures/hcg31_noise_specaxis.pdf, outputs/publication/figures/hcg90_noise_specaxis.pdf, outputs/publication/figures/hcg91_noise_specaxis.pdf, outputs/publication/figures/hcg97_noise_specaxis.pdf, outputs/publication/figures/hcg16_global_profile.pdf, outputs/publication/figures/hcg30_global_profile.pdf, outputs/publication/figures/hcg31_global_profile.pdf, outputs/publication/figures/hcg90_global_profile.pdf, outputs/publication/figures/hcg91_global_profile.pdf, outputs/publication/figures/hcg97_global_profile.pdf, workflow/hcg_paper.tex
    output: outputs/publication/hcg_paper.pdf
    shell:
        

        tectonic -o outputs/publication workflow/hcg_paper.tex
        for file in *delete*; do
            if [ -f "$file" ]; then
                rm -f "$file"
            fi
        done        
        
        (one of the commands exited with non-zero exit code; note that snakemake uses bash strict mode!)

Full Traceback (most recent call last):
  File "/opt/conda_envs/snakemake/lib/python3.10/site-packages/snakemake/executors/__init__.py", line 2656, in run_wrapper
    run(
  File "/data/workflow/Snakefile", line 144, in __rule_tex2pdf_with_bib
  File "/opt/conda_envs/snakemake/lib/python3.10/site-packages/snakemake/shell.py", line 294, in __new__
    raise sp.CalledProcessError(retcode, cmd)
subprocess.CalledProcessError: Command 'set -euo pipefail;  

        tectonic -o outputs/publication workflow/hcg_paper.tex
        for file in *delete*; do
            if [ -f "$file" ]; then
                rm -f "$file"
            fi
        done' returned non-zero exit status 1.

During handling of the above exception, another exception occurred:

Traceback (most recent call last):
  File "/opt/conda_envs/snakemake/lib/python3.10/site-packages/snakemake/executors/__init__.py", line 715, in _callback
    raise ex
  File "/opt/conda_envs/snakemake/lib/python3.10/concurrent/futures/thread.py", line 58, in run
    result = self.fn(*self.args, **self.kwargs)
  File "/opt/conda_envs/snakemake/lib/python3.10/site-packages/snakemake/executors/__init__.py", line 699, in cached_or_run
    run_func(*args)
  File "/opt/conda_envs/snakemake/lib/python3.10/site-packages/snakemake/executors/__init__.py", line 2692, in run_wrapper
    raise RuleException(
snakemake.exceptions.RuleException: CalledProcessError in file /data/workflow/Snakefile, line 101:
Command 'set -euo pipefail;  

        tectonic -o outputs/publication workflow/hcg_paper.tex
        for file in *delete*; do
            if [ -f "$file" ]; then
                rm -f "$file"
            fi
        done' returned non-zero exit status 1.
  File "/data/workflow/Snakefile", line 101, in __rule_tex2pdf_with_bib

RuleException:
CalledProcessError in file /data/workflow/Snakefile, line 101:
Command 'set -euo pipefail;  

        tectonic -o outputs/publication workflow/hcg_paper.tex
        for file in *delete*; do
            if [ -f "$file" ]; then
                rm -f "$file"
            fi
        done' returned non-zero exit status 1.
  File "/data/workflow/Snakefile", line 101, in __rule_tex2pdf_with_bib
  File "/opt/conda_envs/snakemake/lib/python3.10/concurrent/futures/thread.py", line 58, in run
Shutting down, this might take some time.
Exiting because a job execution failed. Look above for error message
Complete log: .snakemake/log/2024-10-27T063044.170907.snakemake.log
unlocking
removing lock
removing lock
removed all locks
