Building DAG of jobs...
Full Traceback (most recent call last):
  File "/opt/conda_envs/snakemake/lib/python3.10/site-packages/snakemake/__init__.py", line 792, in snakemake
    success = workflow.execute(
  File "/opt/conda_envs/snakemake/lib/python3.10/site-packages/snakemake/workflow.py", line 895, in execute
    dag.init()
  File "/opt/conda_envs/snakemake/lib/python3.10/site-packages/snakemake/dag.py", line 214, in init
    job = self.update([job], progress=progress, create_inventory=True)
  File "/opt/conda_envs/snakemake/lib/python3.10/site-packages/snakemake/dag.py", line 927, in update
    raise exceptions[0]
  File "/opt/conda_envs/snakemake/lib/python3.10/site-packages/snakemake/dag.py", line 885, in update
    self.update_(
  File "/opt/conda_envs/snakemake/lib/python3.10/site-packages/snakemake/dag.py", line 1018, in update_
    raise ex
  File "/opt/conda_envs/snakemake/lib/python3.10/site-packages/snakemake/dag.py", line 1000, in update_
    selected_job = self.update(
  File "/opt/conda_envs/snakemake/lib/python3.10/site-packages/snakemake/dag.py", line 927, in update
    raise exceptions[0]
  File "/opt/conda_envs/snakemake/lib/python3.10/site-packages/snakemake/dag.py", line 885, in update
    self.update_(
  File "/opt/conda_envs/snakemake/lib/python3.10/site-packages/snakemake/dag.py", line 1046, in update_
    raise MissingInputException(job, missing_input)
snakemake.exceptions.MissingInputException: Missing input files for rule plot_segmented_pvdiag:
    output: outputs/publication/figures/hcg16_segmented_pv_view_mom0.pdf, outputs/publication/figures/hcg16_segmented_pv.pdf, outputs/publication/figures/hcg16_segmented_pv_vla.pdf
    affected files:
        outputs/sofia_pbc/hcg16/hcg16_line60_masked.pb_corr_vopt_mom0_nan_zoom.fits

MissingInputException in rule plot_segmented_pvdiag in file /data/workflow/rules/plot_segmented_pvdiag.smk, line 18:
Missing input files for rule plot_segmented_pvdiag:
    output: outputs/publication/figures/hcg16_segmented_pv_view_mom0.pdf, outputs/publication/figures/hcg16_segmented_pv.pdf, outputs/publication/figures/hcg16_segmented_pv_vla.pdf
    affected files:
        outputs/sofia_pbc/hcg16/hcg16_line60_masked.pb_corr_vopt_mom0_nan_zoom.fits
unlocking
removed all locks
